<?xml version="1.0" encoding="UTF-8"?>
<!-- Generated by org.testng.reporters.JUnitXMLReporter -->
<testsuite hostname="ISW-TQ-OO2" name="Base2 Transaction Search" tests="12" failures="0" timestamp="7 Oct 2017 06:57:11 GMT" time="0.26" errors="0">
  <testcase name="@BeforeTest StartTest" time="0.0" classname="com.interswitchgroup.V3P.BaseTests.UserLogin">
    <failure type="java.lang.IllegalStateException" message="The driver executable does not exist: C:\Drivers\chromedriver.exe">
      <![CDATA[java.lang.IllegalStateException: The driver executable does not exist: C:\Drivers\chromedriver.exe
	at com.google.common.base.Preconditions.checkState(Preconditions.java:199)
	at org.openqa.selenium.remote.service.DriverService.checkExecutable(DriverService.java:121)
	at org.openqa.selenium.remote.service.DriverService.findExecutable(DriverService.java:116)
	at org.openqa.selenium.chrome.ChromeDriverService.access$000(ChromeDriverService.java:32)
	at org.openqa.selenium.chrome.ChromeDriverService$Builder.findDefaultExecutable(ChromeDriverService.java:137)
	at org.openqa.selenium.remote.service.DriverService$Builder.build(DriverService.java:296)
	at org.openqa.selenium.chrome.ChromeDriverService.createDefaultService(ChromeDriverService.java:88)
	at org.openqa.selenium.chrome.ChromeDriver.<init>(ChromeDriver.java:120)
	at com.interswitchgroup.V3P.Utilities.BrowserFactory.getBrowser(BrowserFactory.java:50)
	at com.interswitchgroup.V3P.BaseTests.BaseTest.StartTest(BaseTest.java:42)
... Removed 22 stack frames]]>
    </failure>
  </testcase> <!-- @BeforeTest StartTest -->
  <testcase name="@BeforeTest TestInit" time="0.0" classname="com.interswitchgroup.V3P.BaseTests.UserLogin">
    <skipped/>
  </testcase> <!-- @BeforeTest TestInit -->
  <testcase name="@BeforeTest TestInit" time="0.0" classname="com.interswitchgroup.V3P.BaseTests.UserLogin">
    <skipped/>
  </testcase> <!-- @BeforeTest TestInit -->
  <testcase name="@AfterTest endTest" time="0.0" classname="com.interswitchgroup.V3P.BaseTests.UserLogin">
    <skipped/>
  </testcase> <!-- @AfterTest endTest -->
  <testcase name="SignIn" time="0.001" classname="com.interswitchgroup.V3P.BaseTests.UserLogin">
    <skipped/>
  </testcase> <!-- SignIn -->
  <testcase name="NavigateToApp" time="0.001" classname="com.interswitchgroup.V3P.BaseTests.UserLogin">
    <skipped/>
  </testcase> <!-- NavigateToApp -->
  <testcase name="SearchbyDate" time="0.001" classname="com.interswitchgroup.V3P.BankMgt.Base2TransactionSearch">
    <skipped/>
  </testcase> <!-- SearchbyDate -->
  <testcase name="SearchbyTerminalId" time="0.002" classname="com.interswitchgroup.V3P.BankMgt.Base2TransactionSearch">
    <skipped/>
  </testcase> <!-- SearchbyTerminalId -->
  <testcase name="SearchbyAuthCode" time="0.001" classname="com.interswitchgroup.V3P.BankMgt.Base2TransactionSearch">
    <skipped/>
  </testcase> <!-- SearchbyAuthCode -->
  <testcase name="SearchbyfirstPan" time="0.001" classname="com.interswitchgroup.V3P.BankMgt.Base2TransactionSearch">
    <skipped/>
  </testcase> <!-- SearchbyfirstPan -->
  <testcase name="SearchbylastPan" time="0.002" classname="com.interswitchgroup.V3P.BankMgt.Base2TransactionSearch">
    <skipped/>
  </testcase> <!-- SearchbylastPan -->
  <testcase name="SearchbyPan" time="0.002" classname="com.interswitchgroup.V3P.BankMgt.Base2TransactionSearch">
    <skipped/>
  </testcase> <!-- SearchbyPan -->
  <testcase name="SearchbyTransStatus" time="0.002" classname="com.interswitchgroup.V3P.BankMgt.Base2TransactionSearch">
    <skipped/>
  </testcase> <!-- SearchbyTransStatus -->
  <testcase name="SearchbyRaisedBy" time="0.002" classname="com.interswitchgroup.V3P.BankMgt.Base2TransactionSearch">
    <skipped/>
  </testcase> <!-- SearchbyRaisedBy -->
  <testcase name="SearchbyNoCriteria" time="0.002" classname="com.interswitchgroup.V3P.BankMgt.Base2TransactionSearch">
    <skipped/>
  </testcase> <!-- SearchbyNoCriteria -->
  <testcase name="Logout" time="0.001" classname="com.interswitchgroup.V3P.BaseTests.UserLogout">
    <skipped/>
  </testcase> <!-- Logout -->
</testsuite> <!-- Base2 Transaction Search -->
